<?xml version="1.0" encoding="UTF-8"?>
<!-- Generated by org.testng.reporters.JUnitReportReporter -->
<testsuite hostname="IN-PG02NKDN" failures="0" tests="1" name="userApiTest.ComplexJsonVerfication" time="2.253" errors="0" timestamp="2022-03-01T17:30:57 IST" skipped="0">
  <testcase classname="userApiTest.ComplexJsonVerfication" name="responseVerify" time="2.253"/>
  <system-out/>
</testsuite> <!-- userApiTest.ComplexJsonVerfication -->
