<?xml version="1.0" encoding="UTF-8"?>
<!-- Generated by org.testng.reporters.JUnitReportReporter -->
<testsuite hostname="IN-PG02NKDN" failures="0" tests="1" name="userApiTest.ComplexJsonVerfication" time="2.280" errors="0" timestamp="2022-03-02T16:27:05 IST" skipped="0">
  <testcase classname="userApiTest.ComplexJsonVerfication" name="nestedJsonVerification" time="2.280"/>
  <system-out/>
</testsuite> <!-- userApiTest.ComplexJsonVerfication -->
