<?xml version="1.0" encoding="UTF-8"?>
<!-- Generated by org.testng.reporters.JUnitReportReporter -->
<testsuite hostname="IN-PG02NKDN" failures="0" tests="1" name="restAPIsAutomation.GetApiAutomate" time="2.034" errors="0" timestamp="2022-02-24T16:45:41 IST" skipped="0">
  <testcase classname="restAPIsAutomation.GetApiAutomate" name="getRequestAutomate" time="2.034"/>
  <system-out/>
</testsuite> <!-- restAPIsAutomation.GetApiAutomate -->
