<?xml version="1.0" encoding="UTF-8"?>
<!-- Generated by org.testng.reporters.JUnitReportReporter -->
<testsuite hostname="IN-PG02NKDN" failures="0" tests="1" name="userApiTest.GetApiAutomateTest" time="0.922" errors="0" timestamp="2022-02-28T17:36:26 IST" skipped="0">
  <testcase classname="userApiTest.GetApiAutomateTest" name="getApiTest" time="0.922"/>
  <system-out/>
</testsuite> <!-- userApiTest.GetApiAutomateTest -->
