<?xml version="1.0" encoding="UTF-8"?>
<!-- Generated by org.testng.reporters.JUnitReportReporter -->
<testsuite hostname="IN-PG02NKDN" failures="0" tests="1" name="baseTest.BaseTest" time="0.009" errors="0" timestamp="2022-02-28T16:04:23 IST" skipped="0">
  <testcase classname="baseTest.BaseTest" name="utilsTest" time="0.009"/>
  <system-out/>
</testsuite> <!-- baseTest.BaseTest -->
