<?xml version="1.0" encoding="UTF-8"?>
<!-- Generated by org.testng.reporters.JUnitReportReporter -->
<testsuite hostname="IN-PG02NKDN" failures="0" tests="1" name="userApiTest.GetApiAutomateTest" time="0.911" errors="0" timestamp="2022-03-01T16:54:51 IST" skipped="0">
  <testcase classname="userApiTest.GetApiAutomateTest" name="getApiTest" time="0.911"/>
  <system-out/>
</testsuite> <!-- userApiTest.GetApiAutomateTest -->
