<?xml version="1.0" encoding="UTF-8"?>
<!-- Generated by org.testng.reporters.JUnitReportReporter -->
<testsuite hostname="IN-PG02NKDN" failures="0" tests="1" name="userApiTest.PostApiAutomateTest" time="1.219" errors="0" timestamp="2022-02-28T17:37:05 IST" skipped="0">
  <testcase classname="userApiTest.PostApiAutomateTest" name="postApiTest" time="1.219"/>
  <system-out/>
</testsuite> <!-- userApiTest.PostApiAutomateTest -->
